App 1829910 output: Bootstrapping complete. Storage paths verified.
App 1829910 output: Booting Mounts...
App 1829910 output: Booting routes...
App 1829910 output: DEBUG: Middleware path=/, session=None
App 1829910 output: DEBUG: Middleware path=/word-to-pdf, session=None
App 1829910 output: DEBUG: Middleware path=/api/convert, session=None
App 1829910 output: API Key verified successfully
App 1830364 output: Bootstrapping complete. Storage paths verified.
App 1830364 output: Booting Mounts...
App 1830364 output: Booting routes...
App 1830364 output: DEBUG: Middleware path=/api/convert, session=None
App 1830364 output: API Key verified successfully
App 1836822 output: Bootstrapping complete. Storage paths verified.
App 1836822 output: Booting Mounts...
App 1836822 output: Booting routes...
App 1836822 output: DEBUG: Middleware path=/word-to-pdf, session=None
App 1836822 output: DEBUG: Middleware path=/api/convert, session=None
App 1836822 output: API Key verified successfully
App 1836822 output: DEBUG: Middleware path=/storage/converted/doc_1780297636_2fe8cd81.pdf, session=None
App 1837094 output: Bootstrapping complete. Storage paths verified.
App 1837094 output: Booting Mounts...
App 1837094 output: Booting routes...
App 1837094 output: DEBUG: Middleware path=/api/convert, session=None
App 1837094 output: API Key verified successfully
App 1837094 output: DEBUG: Middleware path=/storage/converted/doc_1780297675_1279e18c.pdf, session=None
App 1837094 output: DEBUG: Middleware path=/api/convert, session=None
App 1837094 output: API Key verified successfully
App 1837094 output: DEBUG: Middleware path=/storage/converted/doc_1780297733_9a6ca530.pdf, session=None
App 1854936 output: Bootstrapping complete. Storage paths verified.
App 1854936 output: Booting Mounts...
App 1854936 output: Booting routes...
App 1854936 output: DEBUG: Middleware path=/, session=None
App 1894220 output: Bootstrapping complete. Storage paths verified.
App 1894220 output: Booting Mounts...
App 1894220 output: Booting routes...
App 1894220 output: DEBUG: Middleware path=/.env, session=None
App 1999786 output: Bootstrapping complete. Storage paths verified.
App 1999786 output: Booting Mounts...
App 1999786 output: Booting routes...
App 1999786 output: DEBUG: Middleware path=/robots.txt, session=None
App 2132856 output: Bootstrapping complete. Storage paths verified.
App 2132856 output: Booting Mounts...
App 2132856 output: Booting routes...
App 2132856 output: DEBUG: Middleware path=/, session=None
App 2175336 output: Bootstrapping complete. Storage paths verified.
App 2175336 output: Booting Mounts...
App 2175336 output: Booting routes...
App 2175336 output: DEBUG: Middleware path=/api/convert, session=None
App 2175336 output: API Key verified successfully
App 2175336 output: DEBUG: Middleware path=/storage/converted/sample_html_file_download_(1)toPDF.pdf, session=None
App 2175336 output: DEBUG: Middleware path=/api/convert, session=None
App 2175336 output: API Key verified successfully
App 2175336 output: DEBUG: Middleware path=/storage/converted/Customer-Purchase-HistorytoPDF.pdf, session=None
App 2175336 output: DEBUG: Middleware path=/api/convert, session=None
App 2175336 output: API Key verified successfully
App 2175336 output: DEBUG: Middleware path=/storage/converted/10MB-Sample-PPT-FiletoPDF.pdf, session=None
App 2175336 output: DEBUG: Middleware path=/api/convert, session=None
App 2175336 output: API Key verified successfully
App 2175336 output: DEBUG: Middleware path=/storage/converted/Sample-Word-File-5MBtoPDF-1toWord-1toPDF.pdf, session=None
App 2175336 output: DEBUG: Middleware path=/api/convert, session=None
App 2175336 output: API Key verified successfully
App 2175336 output: [ pid=2175336, time=2026-06-02 12:23:22,601 ]: Words count: 0. It might be a scanned pdf, which is not supported yet.
App 2175336 output: DEBUG: Middleware path=/storage/converted/hutghtoWord.docx, session=None
App 2175336 output: DEBUG: Middleware path=/api/convert, session=None
App 2175336 output: API Key verified successfully
App 2175336 output: DEBUG: Middleware path=/storage/converted/sample2_(1)toPDF.pdf, session=None
App 2183578 output: Bootstrapping complete. Storage paths verified.
App 2183578 output: Booting Mounts...
App 2183578 output: Booting routes...
App 2183578 output: DEBUG: Middleware path=/api/convert, session=None
App 2183578 output: API Key verified successfully
App 2183578 output: DEBUG: Middleware path=/storage/converted/ggsggsgggsgtoWord.docx, session=None
App 2183578 output: DEBUG: Middleware path=/api/convert, session=None
App 2183578 output: API Key verified successfully
App 2183578 output: DEBUG: Middleware path=/storage/converted/gggggggtoWord.docx, session=None
App 2183578 output: DEBUG: Middleware path=/api/convert, session=None
App 2183578 output: API Key verified successfully
App 2183578 output: DEBUG: Middleware path=/storage/converted/sample-docx-file-for-testingtoPDF.pdf, session=None
App 2183578 output: DEBUG: Middleware path=/api/convert, session=None
App 2183578 output: API Key verified successfully
App 2183578 output: DEBUG: Middleware path=/storage/converted/sample1toPDF.pdf, session=None
App 2183578 output: DEBUG: Middleware path=/api/convert, session=None
App 2183578 output: API Key verified successfully
App 2183578 output: DEBUG: Middleware path=/api/convert, session=None
App 2183578 output: API Key verified successfully
App 2183578 output: DEBUG: Middleware path=/api/convert, session=None
App 2183578 output: API Key verified successfully
App 2233194 output: Bootstrapping complete. Storage paths verified.
App 2233194 output: Booting Mounts...
App 2233194 output: Booting routes...
App 2233194 output: DEBUG: Middleware path=/api/convert, session=None
App 2233194 output: API Key verified successfully
App 2233194 output: DEBUG: Middleware path=/storage/converted/sample_html_filetoPDF.pdf, session=None
App 2233194 output: DEBUG: Middleware path=/api/convert, session=None
App 2233194 output: API Key verified successfully
App 2233194 output: DEBUG: Middleware path=/storage/converted/Sample_HTML_for_testingtoPDF.pdf, session=None
App 2233194 output: DEBUG: Middleware path=/, session=None
App 2233194 output: DEBUG: Middleware path=/api/convert, session=None
App 2233194 output: API Key verified successfully
App 2233194 output: DEBUG: Middleware path=/storage/converted/sample1toPDF.pdf, session=None
App 2233194 output: DEBUG: Middleware path=/api/convert, session=None
App 2233194 output: API Key verified successfully
App 2233194 output: DEBUG: Middleware path=/storage/converted/sample2toPDF.pdf, session=None
App 2233194 output: DEBUG: Middleware path=/api/convert, session=None
App 2233194 output: API Key verified successfully
App 2233194 output: DEBUG: Middleware path=/storage/converted/Video_EditortoPDF.pdf, session=None
App 2233194 output: DEBUG: Middleware path=/api/convert, session=None
App 2233194 output: API Key verified successfully
App 2233194 output: DEBUG: Middleware path=/api/convert, session=None
App 2233194 output: API Key verified successfully
App 2233194 output: DEBUG: Middleware path=/api/convert, session=None
App 2233194 output: API Key verified successfully
App 2233194 output: DEBUG: Middleware path=/api/convert, session=None
App 2233194 output: API Key verified successfully
App 2233194 output: DEBUG: Middleware path=/api/convert, session=None
App 2233194 output: API Key verified successfully
App 2233194 output: DEBUG: Middleware path=/api/convert, session=None
App 2233194 output: API Key verified successfully
App 2233194 output: DEBUG: Middleware path=/api/convert, session=None
App 2233194 output: API Key verified successfully
App 2233194 output: DEBUG: Middleware path=/api/convert, session=None
App 2233194 output: API Key verified successfully
App 2233194 output: DEBUG: Middleware path=/api/convert, session=None
App 2233194 output: API Key verified successfully
App 2233194 output: DEBUG: Middleware path=/api/convert, session=None
App 2233194 output: API Key verified successfully
App 2233194 output: DEBUG: Middleware path=/api/convert, session=None
App 2233194 output: API Key verified successfully
App 2233194 output: DEBUG: Middleware path=/build/assets/app-DIOdJ7fA.js, session=None
App 2233194 output: DEBUG: Middleware path=/, session=None
App 2354198 output: Bootstrapping complete. Storage paths verified.
App 2354198 output: Booting Mounts...
App 2354198 output: Booting routes...
App 2354198 output: DEBUG: Middleware path=/, session=None
App 2375214 output: Bootstrapping complete. Storage paths verified.
App 2375214 output: Booting Mounts...
App 2375214 output: Booting routes...
App 2462324 output: Bootstrapping complete. Storage paths verified.
App 2462324 output: Booting Mounts...
App 2462324 output: Booting routes...
App 2462324 output: DEBUG: Middleware path=/.env, session=None
App 2481292 output: Bootstrapping complete. Storage paths verified.
App 2481292 output: Booting Mounts...
App 2481292 output: Booting routes...
App 2481292 output: DEBUG: Middleware path=/, session=None
App 2481292 output: DEBUG: Middleware path=/, session=None
App 2481292 output: DEBUG: Middleware path=/api/convert, session=None
App 2481292 output: API Key verified successfully
App 2481292 output: DEBUG: Middleware path=/storage/converted/Inventory-TrackingtoPDF.pdf, session=None
App 2481292 output: DEBUG: Middleware path=/api/convert, session=None
App 2481292 output: API Key verified successfully
App 2481292 output: DEBUG: Middleware path=/storage/converted/Free_Test_Data_500KB_XLSXtoPDF.pdf, session=None
App 2481292 output: DEBUG: Middleware path=/api/convert, session=None
App 2481292 output: API Key verified successfully
App 2481292 output: DEBUG: Middleware path=/storage/converted/10MB-Sample-PPT-FiletoPDF.pdf, session=None
App 2481292 output: DEBUG: Middleware path=/api/convert, session=None
App 2481292 output: API Key verified successfully
App 2481292 output: DEBUG: Middleware path=/storage/converted/Essay_Writing_Workshop_by_SlidesgotoPDF.pdf, session=None
App 2481292 output: DEBUG: Middleware path=/api/convert, session=None
App 2481292 output: API Key verified successfully
App 2550779 output: Bootstrapping complete. Storage paths verified.
App 2550779 output: Booting Mounts...
App 2550779 output: Booting routes...
App 2550779 output: DEBUG: Middleware path=/api/convert, session=None
App 2550779 output: API Key verified successfully
App 2556696 output: Bootstrapping complete. Storage paths verified.
App 2556696 output: Booting Mounts...
App 2556696 output: Booting routes...
App 2556696 output: DEBUG: Middleware path=/api/convert, session=None
App 2556696 output: API Key verified successfully
App 2556696 output: DEBUG: Middleware path=/storage/converted/sample2_(4)toPDF.pdf, session=None
App 2556696 output: DEBUG: Middleware path=/api/convert, session=None
App 2556696 output: API Key verified successfully
App 2556696 output: DEBUG: Middleware path=/storage/converted/sample2toPDF.pdf, session=None
App 2567535 output: Bootstrapping complete. Storage paths verified.
App 2567535 output: Booting Mounts...
App 2567535 output: Booting routes...
App 2567535 output: DEBUG: Middleware path=/api/convert, session=None
App 2567535 output: API Key verified successfully
App 2567535 output: [ pid=2567535, time=2026-06-03 16:19:02,444 ]: Words count: 0. It might be a scanned pdf, which is not supported yet.
App 2567535 output: DEBUG: Middleware path=/api/convert, session=None
App 2567535 output: API Key verified successfully
App 2567535 output: [ pid=2567535, time=2026-06-03 16:19:44,200 ]: Words count: 0. It might be a scanned pdf, which is not supported yet.
App 2567535 output: DEBUG: Middleware path=/storage/converted/hvjbtoWord.docx, session=None
App 2567535 output: DEBUG: Middleware path=/api/convert, session=None
App 2567535 output: API Key verified successfully
App 2567535 output: MuPDF error: unsupported error: cannot create appearance stream for Screen annotations
App 2567535 output: MuPDF error: unsupported error: cannot create appearance stream for Screen annotations
App 2567535 output: MuPDF error: unsupported error: cannot create appearance stream for Screen annotations
App 2567535 output: MuPDF error: unsupported error: cannot create appearance stream for Screen annotations
App 2567535 output: MuPDF error: unsupported error: cannot create appearance stream for Screen annotations
App 2567535 output: MuPDF error: unsupported error: cannot create appearance stream for Screen annotations
App 2567535 output: [ pid=2567535, time=2026-06-03 16:22:21,629 ]: 'modified' timestamp seems very low; regarding as unix timestamp
App 2567535 output: MuPDF error: unsupported error: cannot create appearance stream for Screen annotations
App 2567535 output: MuPDF error: unsupported error: cannot create appearance stream for Screen annotations
App 2567535 output: MuPDF error: unsupported error: cannot create appearance stream for Screen annotations
App 2567535 output: MuPDF error: unsupported error: cannot create appearance stream for Screen annotations
App 2567535 output: MuPDF error: unsupported error: cannot create appearance stream for Screen annotations
App 2567535 output: MuPDF error: unsupported error: cannot create appearance stream for Screen annotations
App 2567535 output: DEBUG: Middleware path=/storage/converted/extracttoWord.docx, session=None
App 2567535 output: DEBUG: Middleware path=/api/convert, session=None
App 2567535 output: API Key verified successfully
App 2567535 output: MuPDF error: unsupported error: cannot create appearance stream for Screen annotations
App 2567535 output: MuPDF error: unsupported error: cannot create appearance stream for Screen annotations
App 2567535 output: MuPDF error: unsupported error: cannot create appearance stream for Screen annotations
App 2567535 output: MuPDF error: unsupported error: cannot create appearance stream for Screen annotations
App 2567535 output: MuPDF error: unsupported error: cannot create appearance stream for Screen annotations
App 2567535 output: MuPDF error: unsupported error: cannot create appearance stream for Screen annotations
App 2567535 output: [ pid=2567535, time=2026-06-03 16:24:02,593 ]: 'modified' timestamp seems very low; regarding as unix timestamp
App 2567535 output: MuPDF error: unsupported error: cannot create appearance stream for Screen annotations
App 2567535 output: MuPDF error: unsupported error: cannot create appearance stream for Screen annotations
App 2567535 output: MuPDF error: unsupported error: cannot create appearance stream for Screen annotations
App 2567535 output: MuPDF error: unsupported error: cannot create appearance stream for Screen annotations
App 2567535 output: MuPDF error: unsupported error: cannot create appearance stream for Screen annotations
App 2567535 output: MuPDF error: unsupported error: cannot create appearance stream for Screen annotations
App 2567535 output: DEBUG: Middleware path=/api/convert, session=None
App 2567535 output: API Key verified successfully
App 2567535 output: [ pid=2567535, time=2026-06-03 16:36:27,719 ]: 'created' timestamp seems very low; regarding as unix timestamp
App 2567535 output: [ pid=2567535, time=2026-06-03 16:36:27,719 ]: 'modified' timestamp seems very low; regarding as unix timestamp
App 2567535 output: DEBUG: Middleware path=/api/convert, session=None
App 2567535 output: API Key verified successfully
App 2567535 output: [ pid=2567535, time=2026-06-03 16:39:42,215 ]: 'created' timestamp seems very low; regarding as unix timestamp
App 2567535 output: [ pid=2567535, time=2026-06-03 16:39:42,216 ]: 'modified' timestamp seems very low; regarding as unix timestamp
App 2576445 output: Bootstrapping complete. Storage paths verified.
App 2576445 output: Booting Mounts...
App 2576445 output: Booting routes...
App 2576445 output: DEBUG: Middleware path=/api/convert, session=None
App 2576445 output: API Key verified successfully
App 2576445 output: DEBUG: Middleware path=/storage/converted/sample4toPDF.pdf, session=None
App 2576445 output: DEBUG: Middleware path=/api/convert, session=None
App 2576445 output: API Key verified successfully
App 2576445 output: MuPDF error: unsupported error: cannot create appearance stream for Screen annotations
App 2576445 output: MuPDF error: unsupported error: cannot create appearance stream for Screen annotations
App 2576445 output: MuPDF error: unsupported error: cannot create appearance stream for Screen annotations
App 2576445 output: MuPDF error: unsupported error: cannot create appearance stream for Screen annotations
App 2576445 output: MuPDF error: unsupported error: cannot create appearance stream for Screen annotations
App 2576445 output: MuPDF error: unsupported error: cannot create appearance stream for Screen annotations
App 2576445 output: [ pid=2576445, time=2026-06-03 16:49:41,511 ]: 'modified' timestamp seems very low; regarding as unix timestamp
App 2576445 output: MuPDF error: unsupported error: cannot create appearance stream for Screen annotations
App 2576445 output: MuPDF error: unsupported error: cannot create appearance stream for Screen annotations
App 2576445 output: MuPDF error: unsupported error: cannot create appearance stream for Screen annotations
App 2576445 output: MuPDF error: unsupported error: cannot create appearance stream for Screen annotations
App 2576445 output: MuPDF error: unsupported error: cannot create appearance stream for Screen annotations
App 2576445 output: MuPDF error: unsupported error: cannot create appearance stream for Screen annotations
App 2576445 output: DEBUG: Middleware path=/api/convert, session=None
App 2576445 output: API Key verified successfully
App 2576445 output: DEBUG: Middleware path=/api/convert, session=None
App 2576445 output: API Key verified successfully
App 2576445 output: DEBUG: Middleware path=/, session=None
App 2576445 output: DEBUG: Middleware path=/api/convert, session=None
App 2576445 output: API Key verified successfully
App 2576445 output: DEBUG: Middleware path=/storage/converted/sample1toPDF.pdf, session=None
App 2576445 output: DEBUG: Middleware path=/api/convert, session=None
App 2576445 output: API Key verified successfully
App 2576445 output: DEBUG: Middleware path=/storage/converted/1mbtoPDF.pdf, session=None
App 2576445 output: DEBUG: Middleware path=/api/convert, session=None
App 2576445 output: API Key verified successfully
App 2633100 output: Bootstrapping complete. Storage paths verified.
App 2633100 output: Booting Mounts...
App 2633100 output: Booting routes...
App 2633100 output: DEBUG: Middleware path=/, session=None
App 2702458 output: Bootstrapping complete. Storage paths verified.
App 2702458 output: Booting Mounts...
App 2702458 output: Booting routes...
App 2702458 output: DEBUG: Middleware path=/, session=None
App 2702458 output: DEBUG: Middleware path=/favicon.ico, session=None
App 2702458 output: DEBUG: Middleware path=/, session=None
App 2771353 output: Bootstrapping complete. Storage paths verified.
App 2771353 output: Booting Mounts...
App 2771353 output: Booting routes...
App 2771353 output: DEBUG: Middleware path=/robots.txt, session=None
App 2771353 output: DEBUG: Middleware path=/, session=None
App 2771353 output: DEBUG: Middleware path=/word-to-pdf, session=None
App 2771353 output: DEBUG: Middleware path=/api-docs, session=None
App 2771353 output: DEBUG: Middleware path=/ppt-to-pdf, session=None
App 2771353 output: DEBUG: Middleware path=/excel-to-pdf, session=None
App 2771353 output: DEBUG: Middleware path=/pdf-to-word, session=None
App 2771353 output: DEBUG: Middleware path=/jpg-to-pdf, session=None
App 2771353 output: DEBUG: Middleware path=/build/assets/app-DIOdJ7fA.js, session=None
App 2771353 output: DEBUG: Middleware path=/html-to-pdf, session=None
App 2771353 output: DEBUG: Middleware path=/build/assets/app-BJmBcIsq.css, session=None
App 2840074 output: Bootstrapping complete. Storage paths verified.
App 2840074 output: Booting Mounts...
App 2840074 output: Booting routes...
App 2840074 output: DEBUG: Middleware path=/, session=None
App 2840074 output: DEBUG: Middleware path=/build/assets/app-BJmBcIsq.css, session=None
App 2840074 output: DEBUG: Middleware path=/build/assets/app-DIOdJ7fA.js, session=None
App 2840074 output: DEBUG: Middleware path=/build/assets/app-DIOdJ7fA.js, session=None
App 2840074 output: DEBUG: Middleware path=/pdf-to-word, session=None
App 2840074 output: DEBUG: Middleware path=/api/convert, session=None
App 2840074 output: API Key verified successfully
App 2840074 output: [ pid=2840074, time=2026-06-04 11:32:12,578 ]: 'created' timestamp seems very low; regarding as unix timestamp
App 2840074 output: [ pid=2840074, time=2026-06-04 11:32:12,581 ]: 'modified' timestamp seems very low; regarding as unix timestamp
App 2840074 output: [ pid=2840074, time=2026-06-04 11:32:12,585 ]: 'created' timestamp seems very low; regarding as unix timestamp
App 2840074 output: [ pid=2840074, time=2026-06-04 11:32:12,586 ]: 'modified' timestamp seems very low; regarding as unix timestamp
App 2840074 output: [ pid=2840074, time=2026-06-04 11:32:12,586 ]: 'modified' timestamp seems very low; regarding as unix timestamp
App 2840074 output: [ pid=2840074, time=2026-06-04 11:32:12,587 ]: 'modified' timestamp seems very low; regarding as unix timestamp
App 2840074 output: [ pid=2840074, time=2026-06-04 11:32:12,587 ]: 'created' timestamp seems very low; regarding as unix timestamp
App 2840074 output: [ pid=2840074, time=2026-06-04 11:32:12,588 ]: 'modified' timestamp seems very low; regarding as unix timestamp
App 2840074 output: [ pid=2840074, time=2026-06-04 11:32:12,588 ]: 'created' timestamp seems very low; regarding as unix timestamp
App 2840074 output: [ pid=2840074, time=2026-06-04 11:32:12,588 ]: 'modified' timestamp seems very low; regarding as unix timestamp
App 2840074 output: DEBUG: Middleware path=/storage/converted/Sample-Word-File-5MBtoPDFtoWord.docx, session=None
App 2840074 output: DEBUG: Middleware path=/ppt-to-pdf, session=None
App 2840074 output: DEBUG: Middleware path=/html-to-pdf, session=None
App 2840074 output: DEBUG: Middleware path=/word-to-pdf, session=None
App 2840074 output: DEBUG: Middleware path=/jpg-to-pdf, session=None
App 2840074 output: DEBUG: Middleware path=/api-docs, session=None
App 2840074 output: DEBUG: Middleware path=/, session=None
App 2840074 output: DEBUG: Middleware path=/excel-to-pdf, session=None
App 3086608 output: Bootstrapping complete. Storage paths verified.
App 3086608 output: Booting Mounts...
App 3086608 output: Booting routes...
App 3086608 output: DEBUG: Middleware path=/.env, session=None
